[2023-03-27T12:36:01.945] [INFO] repo - Read repository items: C:\inetpub\wwwroot\ArcGISWebAppBuilder\client\stemapp\widgets
[2023-03-27T12:36:43.686] [INFO] app - Find 6 predfinded apps.
[2023-03-27T12:36:43.708] [INFO] default - No portal URL is set, redirect /webappbuilder to /webappbuilder?action=setportalurl
[2023-03-27T12:36:43.718] [INFO] repo - insert HTML.About
[2023-03-27T12:36:43.719] [INFO] repo - insert HTML.AddData
[2023-03-27T12:36:43.721] [INFO] repo - insert HTML.Analysis
[2023-03-27T12:36:43.729] [INFO] repo - insert HTML.AttributeTable
[2023-03-27T12:36:43.731] [INFO] repo - insert HTML.BasemapGallery
[2023-03-27T12:36:43.732] [INFO] repo - insert HTML.BatchAttributeEditor
[2023-03-27T12:36:43.735] [INFO] repo - insert HTML.Bookmark
[2023-03-27T12:36:43.736] [INFO] repo - insert HTML.BusinessAnalyst
[2023-03-27T12:36:43.738] [INFO] repo - insert HTML.Chart
[2023-03-27T12:36:43.740] [INFO] repo - insert HTML.Coordinate
[2023-03-27T12:36:43.741] [INFO] repo - insert HTML.CoordinateConversion
[2023-03-27T12:36:43.742] [INFO] repo - insert HTML.CostAnalysis
[2023-03-27T12:36:43.746] [INFO] repo - insert HTML.DataAggregation
[2023-03-27T12:36:43.747] [INFO] repo - insert HTML.Directions
[2023-03-27T12:36:43.748] [INFO] repo - insert HTML.DistanceAndDirection
[2023-03-27T12:36:43.749] [INFO] repo - insert HTML.DistrictLookup
[2023-03-27T12:36:43.753] [INFO] repo - insert HTML.Draw
[2023-03-27T12:36:43.755] [INFO] repo - insert HTML.Edit
[2023-03-27T12:36:43.757] [INFO] repo - insert HTML.EmergencyResponseGuide
[2023-03-27T12:36:43.769] [INFO] repo - insert HTML.ExtentNavigate
[2023-03-27T12:36:43.772] [INFO] repo - insert HTML.Filter
[2023-03-27T12:36:43.773] [INFO] repo - insert HTML.FullScreen
[2023-03-27T12:36:43.775] [INFO] repo - insert HTML.GeoLookup
[2023-03-27T12:36:43.777] [INFO] repo - insert HTML.Geoprocessing
[2023-03-27T12:36:43.782] [INFO] repo - insert HTML.GriddedReferenceGraphic
[2023-03-27T12:36:43.783] [INFO] repo - insert HTML.GridOverlay
[2023-03-27T12:36:43.785] [INFO] repo - insert HTML.GroupFilter
[2023-03-27T12:36:43.788] [INFO] repo - insert HTML.HomeButton
[2023-03-27T12:36:43.793] [INFO] repo - insert HTML.ImageMeasurement
[2023-03-27T12:36:43.795] [INFO] repo - insert HTML.IncidentAnalysis
[2023-03-27T12:36:43.798] [INFO] repo - insert HTML.Infographic
[2023-03-27T12:36:43.799] [INFO] repo - insert HTML.InfoSummary
[2023-03-27T12:36:43.800] [INFO] repo - insert HTML.LayerList
[2023-03-27T12:36:43.802] [INFO] repo - insert HTML.Legend
[2023-03-27T12:36:43.804] [INFO] repo - insert HTML.Measurement
[2023-03-27T12:36:43.807] [INFO] repo - insert HTML.MyLocation
[2023-03-27T12:36:43.809] [INFO] repo - insert HTML.NearMe
[2023-03-27T12:36:43.811] [INFO] repo - insert HTML.NetworkTrace
[2023-03-27T12:36:43.814] [INFO] repo - insert HTML.ObliqueViewer
[2023-03-27T12:36:43.817] [INFO] repo - insert HTML.OverviewMap
[2023-03-27T12:36:43.818] [INFO] repo - insert HTML.ParcelDrafter
[2023-03-27T12:36:43.822] [INFO] repo - insert HTML.Print
[2023-03-27T12:36:43.824] [INFO] repo - insert HTML.PublicNotification
[2023-03-27T12:36:43.825] [INFO] repo - insert HTML.Query
[2023-03-27T12:36:43.826] [INFO] repo - insert HTML.RelatedTableCharts
[2023-03-27T12:36:43.828] [INFO] repo - insert HTML.ReportFeature
[2023-03-27T12:36:43.829] [INFO] repo - insert HTML.ReviewerDashboard
[2023-03-27T12:36:43.832] [INFO] repo - insert HTML.Scalebar
[2023-03-27T12:36:43.836] [INFO] repo - insert HTML.Screening
[2023-03-27T12:36:43.839] [INFO] repo - insert HTML.Search
[2023-03-27T12:36:43.841] [INFO] repo - insert HTML.Select
[2023-03-27T12:36:43.842] [INFO] repo - insert HTML.Share
[2023-03-27T12:36:43.844] [INFO] repo - insert HTML.SituationAwareness
[2023-03-27T12:36:43.846] [INFO] repo - insert HTML.SmartEditor
[2023-03-27T12:36:43.848] [INFO] repo - insert HTML.Splash
[2023-03-27T12:36:43.850] [INFO] repo - insert HTML.Stream
[2023-03-27T12:36:43.854] [INFO] repo - insert HTML.SuitabilityModeler
[2023-03-27T12:36:43.857] [INFO] repo - insert HTML.Summary
[2023-03-27T12:36:43.859] [INFO] repo - insert HTML.Swipe
[2023-03-27T12:36:43.861] [INFO] repo - insert HTML.ThreatAnalysis
[2023-03-27T12:36:43.862] [INFO] repo - insert HTML.TimeSlider
[2023-03-27T12:36:43.864] [INFO] repo - insert HTML.Visibility
[2023-03-27T12:36:43.865] [INFO] repo - insert HTML.ZoomSlider
[2023-03-27T12:36:43.869] [INFO] repo - Read repository items: C:\inetpub\wwwroot\ArcGISWebAppBuilder\client\stemapp\themes
[2023-03-27T12:36:48.426] [INFO] repo - insert HTML.BillboardTheme
[2023-03-27T12:36:48.428] [INFO] repo - insert HTML.DartTheme
[2023-03-27T12:36:48.430] [INFO] repo - insert HTML.LaunchpadTheme
[2023-03-27T12:36:48.432] [INFO] repo - insert HTML.PocketTheme
[2023-03-27T12:36:48.432] [INFO] repo - insert HTML.PlateauTheme
[2023-03-27T12:36:48.434] [INFO] repo - insert HTML.BoxTheme
[2023-03-27T12:36:48.437] [INFO] repo - insert HTML.FoldableTheme
[2023-03-27T12:36:48.440] [INFO] repo - insert HTML.JewelryBoxTheme
[2023-03-27T12:36:48.442] [INFO] repo - insert HTML.TabTheme
[2023-03-27T12:36:48.444] [INFO] repo - insert HTML.DashboardTheme
[2023-03-27T12:36:48.446] [INFO] repo - Read repository items: C:\inetpub\wwwroot\ArcGISWebAppBuilder\client\stemapp3d\widgets
[2023-03-27T12:36:55.060] [DEBUG] default - on tcp proxy error
[2023-03-27T12:36:55.061] [DEBUG] default - on tcp proxy error
[2023-03-27T12:36:55.292] [INFO] repo - insert HTML3D.BasemapGallery
[2023-03-27T12:36:55.293] [INFO] repo - insert HTML3D.About
[2023-03-27T12:36:55.295] [INFO] repo - insert HTML3D.Coordinate
[2023-03-27T12:36:55.296] [INFO] repo - insert HTML3D.MyLocation
[2023-03-27T12:36:55.297] [INFO] repo - insert HTML3D.Home
[2023-03-27T12:36:55.298] [INFO] repo - insert HTML3D.Legend
[2023-03-27T12:36:55.298] [INFO] repo - insert HTML3D.Search
[2023-03-27T12:36:55.299] [INFO] repo - insert HTML3D.Navigate
[2023-03-27T12:36:55.300] [INFO] repo - insert HTML3D.3DFx
[2023-03-27T12:36:55.301] [INFO] repo - insert HTML3D.Measurement3D
[2023-03-27T12:36:55.303] [INFO] repo - insert HTML3D.FullScreen
[2023-03-27T12:36:55.305] [INFO] repo - insert HTML3D.ZoomSlider
[2023-03-27T12:36:55.306] [INFO] repo - insert HTML3D.Slides
[2023-03-27T12:36:55.307] [INFO] repo - insert HTML3D.Splash
[2023-03-27T12:36:55.308] [INFO] repo - insert HTML3D.LayerList
[2023-03-27T12:36:55.309] [INFO] repo - insert HTML3D.Compass
[2023-03-27T12:36:55.310] [INFO] repo - insert HTML3D.Daylight
[2023-03-27T12:36:55.311] [INFO] repo - insert HTML3D.Share
[2023-03-27T12:36:55.312] [INFO] repo - Read repository items: C:\inetpub\wwwroot\ArcGISWebAppBuilder\client\stemapp3d\themes
[2023-03-27T12:36:57.637] [INFO] repo - insert HTML3D.BillboardTheme
[2023-03-27T12:36:57.639] [INFO] repo - insert HTML3D.DartTheme
[2023-03-27T12:36:57.641] [INFO] repo - insert HTML3D.JewelryBoxTheme
[2023-03-27T12:36:57.643] [INFO] repo - insert HTML3D.BoxTheme
[2023-03-27T12:36:57.644] [INFO] repo - insert HTML3D.TabTheme
[2023-03-27T12:36:57.646] [INFO] repo - insert HTML3D.DashboardTheme
[2023-03-27T12:36:57.647] [INFO] repo - insert HTML3D.LaunchpadTheme
[2023-03-27T12:36:57.648] [INFO] repo - insert HTML3D.FoldableTheme
[2023-03-27T13:17:55.082] [INFO] repo - Read repository items: C:\inetpub\wwwroot\ArcGISWebAppBuilder\client\stemapp\widgets
[2023-03-27T13:17:59.511] [INFO] default - No token is found, redirect /webappbuilder to /webappbuilder?action=setportalurl
[2023-03-27T13:18:02.941] [INFO] repo - Read repository items: C:\inetpub\wwwroot\ArcGISWebAppBuilder\client\stemapp\themes
[2023-03-27T13:18:03.826] [INFO] repo - Read repository items: C:\inetpub\wwwroot\ArcGISWebAppBuilder\client\stemapp3d\widgets
[2023-03-27T13:18:04.982] [INFO] repo - Read repository items: C:\inetpub\wwwroot\ArcGISWebAppBuilder\client\stemapp3d\themes
[2023-03-27T13:24:10.507] [INFO] repo - Read repository items: C:\inetpub\wwwroot\ArcGISWebAppBuilder\client\stemapp\widgets
[2023-03-27T13:24:14.189] [INFO] default - No token is found, redirect /webappbuilder to /webappbuilder?action=setportalurl
[2023-03-27T13:24:16.714] [INFO] repo - Read repository items: C:\inetpub\wwwroot\ArcGISWebAppBuilder\client\stemapp\themes
[2023-03-27T13:24:17.503] [INFO] repo - Read repository items: C:\inetpub\wwwroot\ArcGISWebAppBuilder\client\stemapp3d\widgets
[2023-03-27T13:24:18.583] [INFO] repo - Read repository items: C:\inetpub\wwwroot\ArcGISWebAppBuilder\client\stemapp3d\themes
[2023-03-27T13:58:32.866] [INFO] repo - Read repository items: C:\inetpub\wwwroot\ArcGISWebAppBuilder\client\stemapp\widgets
[2023-03-27T13:58:39.947] [INFO] default - No token is found, redirect /webappbuilder to /webappbuilder?action=setportalurl
[2023-03-27T13:58:43.213] [INFO] repo - Read repository items: C:\inetpub\wwwroot\ArcGISWebAppBuilder\client\stemapp\themes
[2023-03-27T13:58:44.187] [INFO] repo - Read repository items: C:\inetpub\wwwroot\ArcGISWebAppBuilder\client\stemapp3d\widgets
[2023-03-27T13:58:45.484] [INFO] repo - Read repository items: C:\inetpub\wwwroot\ArcGISWebAppBuilder\client\stemapp3d\themes
[2023-03-27T14:11:11.588] [INFO] repo - Read repository items: C:\inetpub\wwwroot\ArcGISWebAppBuilder\client\stemapp\widgets
[2023-03-27T14:11:16.464] [INFO] default - No token is found, redirect /webappbuilder to /webappbuilder?action=setportalurl
[2023-03-27T14:11:19.204] [INFO] repo - Read repository items: C:\inetpub\wwwroot\ArcGISWebAppBuilder\client\stemapp\themes
[2023-03-27T14:11:19.916] [INFO] repo - Read repository items: C:\inetpub\wwwroot\ArcGISWebAppBuilder\client\stemapp3d\widgets
[2023-03-27T14:11:20.897] [INFO] repo - Read repository items: C:\inetpub\wwwroot\ArcGISWebAppBuilder\client\stemapp3d\themes
[2023-03-27T14:12:47.747] [INFO] repo - Read repository items: C:\inetpub\wwwroot\ArcGISWebAppBuilder\client\stemapp\widgets
[2023-03-27T14:12:51.461] [INFO] default - No token is found, redirect /webappbuilder to /webappbuilder?action=setportalurl
[2023-03-27T14:12:53.886] [INFO] repo - Read repository items: C:\inetpub\wwwroot\ArcGISWebAppBuilder\client\stemapp\themes
[2023-03-27T14:12:54.513] [INFO] repo - Read repository items: C:\inetpub\wwwroot\ArcGISWebAppBuilder\client\stemapp3d\widgets
[2023-03-27T14:12:55.317] [INFO] repo - Read repository items: C:\inetpub\wwwroot\ArcGISWebAppBuilder\client\stemapp3d\themes
[2023-03-27T14:18:39.919] [INFO] repo - theme changed: C:\inetpub\wwwroot\ArcGISWebAppBuilder\client\stemapp\themes\BoxTheme\manifest.json
[2023-03-27T14:18:39.956] [INFO] repo - theme changed: C:\inetpub\wwwroot\ArcGISWebAppBuilder\client\stemapp\themes\BillboardTheme\manifest.json
[2023-03-27T14:18:39.977] [INFO] repo - theme changed: C:\inetpub\wwwroot\ArcGISWebAppBuilder\client\stemapp\themes\DartTheme\manifest.json
[2023-03-27T14:18:39.985] [INFO] repo - theme changed: C:\inetpub\wwwroot\ArcGISWebAppBuilder\client\stemapp\themes\DashboardTheme\manifest.json
[2023-03-27T14:18:40.085] [INFO] repo - theme changed: C:\inetpub\wwwroot\ArcGISWebAppBuilder\client\stemapp\themes\FoldableTheme\manifest.json
[2023-03-27T14:18:40.091] [INFO] repo - theme changed: C:\inetpub\wwwroot\ArcGISWebAppBuilder\client\stemapp\themes\DemoTheme\manifest.json
[2023-03-27T14:18:40.169] [INFO] repo - theme changed: C:\inetpub\wwwroot\ArcGISWebAppBuilder\client\stemapp\themes\JewelryBoxTheme\manifest.json
[2023-03-27T14:18:40.204] [INFO] repo - theme changed: C:\inetpub\wwwroot\ArcGISWebAppBuilder\client\stemapp\themes\LaunchpadTheme\manifest.json
[2023-03-27T14:18:40.280] [INFO] repo - theme changed: C:\inetpub\wwwroot\ArcGISWebAppBuilder\client\stemapp\themes\PlateauTheme\manifest.json
[2023-03-27T14:18:40.385] [INFO] repo - theme changed: C:\inetpub\wwwroot\ArcGISWebAppBuilder\client\stemapp\themes\PocketTheme\manifest.json
[2023-03-27T14:18:40.473] [INFO] repo - theme changed: C:\inetpub\wwwroot\ArcGISWebAppBuilder\client\stemapp\themes\TabTheme\manifest.json
[2023-03-27T14:18:40.504] [INFO] repo - widget changed: C:\inetpub\wwwroot\ArcGISWebAppBuilder\client\stemapp\widgets\About\manifest.json
[2023-03-27T14:18:40.572] [INFO] repo - widget changed: C:\inetpub\wwwroot\ArcGISWebAppBuilder\client\stemapp\widgets\AddData\manifest.json
[2023-03-27T14:18:40.604] [INFO] repo - widget changed: C:\inetpub\wwwroot\ArcGISWebAppBuilder\client\stemapp\widgets\Analysis\manifest.json
[2023-03-27T14:18:40.676] [INFO] repo - widget changed: C:\inetpub\wwwroot\ArcGISWebAppBuilder\client\stemapp\widgets\AttributeTable\manifest.json
[2023-03-27T14:18:40.702] [INFO] repo - widget changed: C:\inetpub\wwwroot\ArcGISWebAppBuilder\client\stemapp\widgets\BasemapGallery\manifest.json
[2023-03-27T14:18:40.711] [INFO] repo - widget changed: C:\inetpub\wwwroot\ArcGISWebAppBuilder\client\stemapp\widgets\BatchAttributeEditor\manifest.json
[2023-03-27T14:18:40.715] [INFO] repo - widget changed: C:\inetpub\wwwroot\ArcGISWebAppBuilder\client\stemapp\widgets\Bookmark\manifest.json
[2023-03-27T14:18:40.816] [INFO] repo - widget changed: C:\inetpub\wwwroot\ArcGISWebAppBuilder\client\stemapp\widgets\Chart\manifest.json
[2023-03-27T14:18:40.822] [INFO] repo - widget changed: C:\inetpub\wwwroot\ArcGISWebAppBuilder\client\stemapp\widgets\Coordinate\manifest.json
[2023-03-27T14:18:40.824] [INFO] repo - widget changed: C:\inetpub\wwwroot\ArcGISWebAppBuilder\client\stemapp\widgets\CoordinateConversion\manifest.json
[2023-03-27T14:18:40.833] [INFO] repo - widget changed: C:\inetpub\wwwroot\ArcGISWebAppBuilder\client\stemapp\widgets\BusinessAnalyst\manifest.json
[2023-03-27T14:18:40.908] [INFO] repo - widget changed: C:\inetpub\wwwroot\ArcGISWebAppBuilder\client\stemapp\widgets\CostAnalysis\manifest.json
[2023-03-27T14:18:40.925] [INFO] repo - widget changed: C:\inetpub\wwwroot\ArcGISWebAppBuilder\client\stemapp\widgets\DataAggregation\manifest.json
[2023-03-27T14:18:41.094] [INFO] repo - widget changed: C:\inetpub\wwwroot\ArcGISWebAppBuilder\client\stemapp\widgets\Directions\manifest.json
[2023-03-27T14:18:41.097] [INFO] repo - widget changed: C:\inetpub\wwwroot\ArcGISWebAppBuilder\client\stemapp\widgets\Edit\manifest.json
[2023-03-27T14:18:41.100] [INFO] repo - widget changed: C:\inetpub\wwwroot\ArcGISWebAppBuilder\client\stemapp\widgets\DistanceAndDirection\manifest.json
[2023-03-27T14:18:41.102] [INFO] repo - widget changed: C:\inetpub\wwwroot\ArcGISWebAppBuilder\client\stemapp\widgets\DistrictLookup\manifest.json
[2023-03-27T14:18:41.104] [INFO] repo - widget changed: C:\inetpub\wwwroot\ArcGISWebAppBuilder\client\stemapp\widgets\Draw\manifest.json
[2023-03-27T14:18:41.180] [INFO] repo - insert HTML.DemoTheme
[2023-03-27T14:18:41.207] [INFO] repo - widget changed: C:\inetpub\wwwroot\ArcGISWebAppBuilder\client\stemapp\widgets\EmergencyResponseGuide\manifest.json
[2023-03-27T14:18:41.300] [INFO] repo - widget changed: C:\inetpub\wwwroot\ArcGISWebAppBuilder\client\stemapp\widgets\ExtentNavigate\manifest.json
[2023-03-27T14:18:41.302] [INFO] repo - widget changed: C:\inetpub\wwwroot\ArcGISWebAppBuilder\client\stemapp\widgets\GriddedReferenceGraphic\manifest.json
[2023-03-27T14:18:41.308] [INFO] repo - widget changed: C:\inetpub\wwwroot\ArcGISWebAppBuilder\client\stemapp\widgets\Filter\manifest.json
[2023-03-27T14:18:41.317] [INFO] repo - widget changed: C:\inetpub\wwwroot\ArcGISWebAppBuilder\client\stemapp\widgets\FullScreen\manifest.json
[2023-03-27T14:18:41.320] [INFO] repo - widget changed: C:\inetpub\wwwroot\ArcGISWebAppBuilder\client\stemapp\widgets\GeoLookup\manifest.json
[2023-03-27T14:18:41.323] [INFO] repo - widget changed: C:\inetpub\wwwroot\ArcGISWebAppBuilder\client\stemapp\widgets\Geoprocessing\manifest.json
[2023-03-27T14:18:41.400] [INFO] repo - widget changed: C:\inetpub\wwwroot\ArcGISWebAppBuilder\client\stemapp\widgets\ImageMeasurement\manifest.json
[2023-03-27T14:18:41.423] [INFO] repo - widget changed: C:\inetpub\wwwroot\ArcGISWebAppBuilder\client\stemapp\widgets\GridOverlay\manifest.json
[2023-03-27T14:18:41.427] [INFO] repo - widget changed: C:\inetpub\wwwroot\ArcGISWebAppBuilder\client\stemapp\widgets\GroupFilter\manifest.json
[2023-03-27T14:18:41.430] [INFO] repo - widget changed: C:\inetpub\wwwroot\ArcGISWebAppBuilder\client\stemapp\widgets\HomeButton\manifest.json
[2023-03-27T14:18:41.522] [INFO] repo - widget changed: C:\inetpub\wwwroot\ArcGISWebAppBuilder\client\stemapp\widgets\IncidentAnalysis\manifest.json
[2023-03-27T14:18:41.535] [INFO] repo - widget changed: C:\inetpub\wwwroot\ArcGISWebAppBuilder\client\stemapp\widgets\Infographic\manifest.json
[2023-03-27T14:18:41.611] [INFO] repo - widget changed: C:\inetpub\wwwroot\ArcGISWebAppBuilder\client\stemapp\widgets\InfoSummary\manifest.json
[2023-03-27T14:18:41.635] [INFO] repo - widget changed: C:\inetpub\wwwroot\ArcGISWebAppBuilder\client\stemapp\widgets\LayerList\manifest.json
[2023-03-27T14:18:41.638] [INFO] repo - widget changed: C:\inetpub\wwwroot\ArcGISWebAppBuilder\client\stemapp\widgets\Legend\manifest.json
[2023-03-27T14:18:41.700] [INFO] repo - widget changed: C:\inetpub\wwwroot\ArcGISWebAppBuilder\client\stemapp\widgets\Measurement\manifest.json
[2023-03-27T14:18:41.713] [INFO] repo - widget changed: C:\inetpub\wwwroot\ArcGISWebAppBuilder\client\stemapp\widgets\MyLocation\manifest.json
[2023-03-27T14:18:41.728] [INFO] repo - widget changed: C:\inetpub\wwwroot\ArcGISWebAppBuilder\client\stemapp\widgets\NearMe\manifest.json
[2023-03-27T14:18:41.746] [INFO] repo - widget changed: C:\inetpub\wwwroot\ArcGISWebAppBuilder\client\stemapp\widgets\ObliqueViewer\manifest.json
[2023-03-27T14:18:41.751] [INFO] repo - widget changed: C:\inetpub\wwwroot\ArcGISWebAppBuilder\client\stemapp\widgets\NetworkTrace\manifest.json
[2023-03-27T14:18:41.818] [INFO] repo - widget changed: C:\inetpub\wwwroot\ArcGISWebAppBuilder\client\stemapp\widgets\OverviewMap\manifest.json
[2023-03-27T14:18:41.833] [INFO] repo - widget changed: C:\inetpub\wwwroot\ArcGISWebAppBuilder\client\stemapp\widgets\ParcelDrafter\manifest.json
[2023-03-27T14:18:41.849] [INFO] repo - widget changed: C:\inetpub\wwwroot\ArcGISWebAppBuilder\client\stemapp\widgets\Print\manifest.json
[2023-03-27T14:18:41.903] [INFO] repo - widget changed: C:\inetpub\wwwroot\ArcGISWebAppBuilder\client\stemapp\widgets\PublicNotification\manifest.json
[2023-03-27T14:18:41.920] [INFO] repo - widget changed: C:\inetpub\wwwroot\ArcGISWebAppBuilder\client\stemapp\widgets\Query\manifest.json
[2023-03-27T14:18:41.938] [INFO] repo - widget changed: C:\inetpub\wwwroot\ArcGISWebAppBuilder\client\stemapp\widgets\RelatedTableCharts\manifest.json
[2023-03-27T14:18:41.952] [INFO] repo - widget changed: C:\inetpub\wwwroot\ArcGISWebAppBuilder\client\stemapp\widgets\ReportFeature\manifest.json
[2023-03-27T14:18:42.057] [INFO] repo - widget changed: C:\inetpub\wwwroot\ArcGISWebAppBuilder\client\stemapp\widgets\ReviewerDashboard\manifest.json
[2023-03-27T14:18:42.062] [INFO] repo - widget changed: C:\inetpub\wwwroot\ArcGISWebAppBuilder\client\stemapp\widgets\Scalebar\manifest.json
[2023-03-27T14:18:42.066] [INFO] repo - widget changed: C:\inetpub\wwwroot\ArcGISWebAppBuilder\client\stemapp\widgets\Search\manifest.json
[2023-03-27T14:18:42.067] [INFO] repo - widget changed: C:\inetpub\wwwroot\ArcGISWebAppBuilder\client\stemapp\widgets\Screening\manifest.json
[2023-03-27T14:18:42.170] [INFO] repo - widget changed: C:\inetpub\wwwroot\ArcGISWebAppBuilder\client\stemapp\widgets\Select\manifest.json
[2023-03-27T14:18:42.278] [INFO] repo - widget changed: C:\inetpub\wwwroot\ArcGISWebAppBuilder\client\stemapp\widgets\SituationAwareness\manifest.json
[2023-03-27T14:18:42.281] [INFO] repo - widget changed: C:\inetpub\wwwroot\ArcGISWebAppBuilder\client\stemapp\widgets\Share\manifest.json
[2023-03-27T14:18:42.283] [INFO] repo - widget changed: C:\inetpub\wwwroot\ArcGISWebAppBuilder\client\stemapp\widgets\SmartEditor\manifest.json
[2023-03-27T14:18:42.300] [INFO] repo - widget changed: C:\inetpub\wwwroot\ArcGISWebAppBuilder\client\stemapp\widgets\Splash\manifest.json
[2023-03-27T14:18:42.303] [INFO] repo - widget changed: C:\inetpub\wwwroot\ArcGISWebAppBuilder\client\stemapp\widgets\Stream\manifest.json
[2023-03-27T14:18:42.385] [INFO] repo - widget changed: C:\inetpub\wwwroot\ArcGISWebAppBuilder\client\stemapp\widgets\SuitabilityModeler\manifest.json
[2023-03-27T14:18:42.391] [INFO] repo - widget changed: C:\inetpub\wwwroot\ArcGISWebAppBuilder\client\stemapp\widgets\Summary\manifest.json
[2023-03-27T14:18:42.403] [INFO] repo - widget changed: C:\inetpub\wwwroot\ArcGISWebAppBuilder\client\stemapp\widgets\Swipe\manifest.json
[2023-03-27T14:18:42.495] [INFO] repo - widget changed: C:\inetpub\wwwroot\ArcGISWebAppBuilder\client\stemapp\widgets\ThreatAnalysis\manifest.json
[2023-03-27T14:18:42.500] [INFO] repo - widget changed: C:\inetpub\wwwroot\ArcGISWebAppBuilder\client\stemapp\widgets\TimeSlider\manifest.json
[2023-03-27T14:18:42.504] [INFO] repo - widget changed: C:\inetpub\wwwroot\ArcGISWebAppBuilder\client\stemapp\widgets\Visibility\manifest.json
[2023-03-27T14:18:42.604] [INFO] repo - widget changed: C:\inetpub\wwwroot\ArcGISWebAppBuilder\client\stemapp\widgets\ZoomSlider\manifest.json
[2023-03-27T14:18:42.611] [INFO] repo - theme changed: C:\inetpub\wwwroot\ArcGISWebAppBuilder\client\stemapp3d\themes\BillboardTheme\manifest.json
[2023-03-27T14:18:42.716] [INFO] repo - theme changed: C:\inetpub\wwwroot\ArcGISWebAppBuilder\client\stemapp3d\themes\BoxTheme\manifest.json
[2023-03-27T14:18:42.728] [INFO] repo - theme changed: C:\inetpub\wwwroot\ArcGISWebAppBuilder\client\stemapp3d\themes\DartTheme\manifest.json
[2023-03-27T14:18:42.737] [INFO] repo - theme changed: C:\inetpub\wwwroot\ArcGISWebAppBuilder\client\stemapp3d\themes\DashboardTheme\manifest.json
[2023-03-27T14:18:42.828] [INFO] repo - theme changed: C:\inetpub\wwwroot\ArcGISWebAppBuilder\client\stemapp3d\themes\FoldableTheme\manifest.json
[2023-03-27T14:18:42.945] [INFO] repo - theme changed: C:\inetpub\wwwroot\ArcGISWebAppBuilder\client\stemapp3d\themes\JewelryBoxTheme\manifest.json
[2023-03-27T14:18:42.955] [INFO] repo - theme changed: C:\inetpub\wwwroot\ArcGISWebAppBuilder\client\stemapp3d\themes\LaunchpadTheme\manifest.json
[2023-03-27T14:18:43.164] [INFO] repo - widget changed: C:\inetpub\wwwroot\ArcGISWebAppBuilder\client\stemapp3d\widgets\3DFx\manifest.json
[2023-03-27T14:18:43.166] [INFO] repo - theme changed: C:\inetpub\wwwroot\ArcGISWebAppBuilder\client\stemapp3d\themes\TabTheme\manifest.json
[2023-03-27T14:18:43.172] [INFO] repo - widget changed: C:\inetpub\wwwroot\ArcGISWebAppBuilder\client\stemapp3d\widgets\BasemapGallery\manifest.json
[2023-03-27T14:18:43.173] [INFO] repo - widget changed: C:\inetpub\wwwroot\ArcGISWebAppBuilder\client\stemapp3d\widgets\Compass\manifest.json
[2023-03-27T14:18:43.177] [INFO] repo - widget changed: C:\inetpub\wwwroot\ArcGISWebAppBuilder\client\stemapp3d\widgets\Coordinate\manifest.json
[2023-03-27T14:18:43.179] [INFO] repo - widget changed: C:\inetpub\wwwroot\ArcGISWebAppBuilder\client\stemapp3d\widgets\About\manifest.json
[2023-03-27T14:18:43.184] [INFO] repo - widget changed: C:\inetpub\wwwroot\ArcGISWebAppBuilder\client\stemapp3d\widgets\Daylight\manifest.json
[2023-03-27T14:18:43.186] [INFO] repo - widget changed: C:\inetpub\wwwroot\ArcGISWebAppBuilder\client\stemapp3d\widgets\Home\manifest.json
[2023-03-27T14:18:43.188] [INFO] repo - widget changed: C:\inetpub\wwwroot\ArcGISWebAppBuilder\client\stemapp3d\widgets\FullScreen\manifest.json
[2023-03-27T14:18:43.190] [INFO] repo - widget changed: C:\inetpub\wwwroot\ArcGISWebAppBuilder\client\stemapp3d\widgets\LayerList\manifest.json
[2023-03-27T14:18:43.266] [INFO] repo - widget changed: C:\inetpub\wwwroot\ArcGISWebAppBuilder\client\stemapp3d\widgets\Measurement3D\manifest.json
[2023-03-27T14:18:43.288] [INFO] repo - widget changed: C:\inetpub\wwwroot\ArcGISWebAppBuilder\client\stemapp3d\widgets\MyLocation\manifest.json
[2023-03-27T14:18:43.295] [INFO] repo - widget changed: C:\inetpub\wwwroot\ArcGISWebAppBuilder\client\stemapp3d\widgets\Navigate\manifest.json
[2023-03-27T14:18:43.300] [INFO] repo - widget changed: C:\inetpub\wwwroot\ArcGISWebAppBuilder\client\stemapp3d\widgets\Legend\manifest.json
[2023-03-27T14:18:43.389] [INFO] repo - widget changed: C:\inetpub\wwwroot\ArcGISWebAppBuilder\client\stemapp3d\widgets\Share\manifest.json
[2023-03-27T14:18:43.396] [INFO] repo - widget changed: C:\inetpub\wwwroot\ArcGISWebAppBuilder\client\stemapp3d\widgets\Slides\manifest.json
[2023-03-27T14:18:43.401] [INFO] repo - widget changed: C:\inetpub\wwwroot\ArcGISWebAppBuilder\client\stemapp3d\widgets\Splash\manifest.json
[2023-03-27T14:18:43.404] [INFO] repo - widget changed: C:\inetpub\wwwroot\ArcGISWebAppBuilder\client\stemapp3d\widgets\Search\manifest.json
[2023-03-27T14:18:43.504] [INFO] repo - widget changed: C:\inetpub\wwwroot\ArcGISWebAppBuilder\client\stemapp3d\widgets\ZoomSlider\manifest.json
[2023-03-27T14:19:31.624] [INFO] repo - theme changed: C:\inetpub\wwwroot\ArcGISWebAppBuilder\client\stemapp\themes\BillboardTheme\manifest.json
[2023-03-27T14:19:31.627] [INFO] repo - theme changed: C:\inetpub\wwwroot\ArcGISWebAppBuilder\client\stemapp\themes\BoxTheme\manifest.json
[2023-03-27T14:19:31.672] [INFO] repo - theme changed: C:\inetpub\wwwroot\ArcGISWebAppBuilder\client\stemapp\themes\DartTheme\manifest.json
[2023-03-27T14:19:31.726] [INFO] repo - theme changed: C:\inetpub\wwwroot\ArcGISWebAppBuilder\client\stemapp\themes\DashboardTheme\manifest.json
[2023-03-27T14:19:31.817] [INFO] repo - theme changed: C:\inetpub\wwwroot\ArcGISWebAppBuilder\client\stemapp\themes\FoldableTheme\manifest.json
[2023-03-27T14:19:31.829] [INFO] repo - theme changed: C:\inetpub\wwwroot\ArcGISWebAppBuilder\client\stemapp\themes\DemoTheme\manifest.json
[2023-03-27T14:19:31.928] [INFO] repo - theme changed: C:\inetpub\wwwroot\ArcGISWebAppBuilder\client\stemapp\themes\JewelryBoxTheme\manifest.json
[2023-03-27T14:19:31.975] [INFO] repo - theme changed: C:\inetpub\wwwroot\ArcGISWebAppBuilder\client\stemapp\themes\LaunchpadTheme\manifest.json
[2023-03-27T14:19:32.129] [INFO] repo - theme changed: C:\inetpub\wwwroot\ArcGISWebAppBuilder\client\stemapp\themes\PlateauTheme\manifest.json
[2023-03-27T14:19:32.175] [INFO] repo - theme changed: C:\inetpub\wwwroot\ArcGISWebAppBuilder\client\stemapp\themes\PocketTheme\manifest.json
[2023-03-27T14:19:32.235] [INFO] repo - theme changed: C:\inetpub\wwwroot\ArcGISWebAppBuilder\client\stemapp\themes\TabTheme\manifest.json
[2023-03-27T14:19:32.253] [INFO] repo - widget changed: C:\inetpub\wwwroot\ArcGISWebAppBuilder\client\stemapp\widgets\About\manifest.json
[2023-03-27T14:19:32.256] [INFO] repo - widget changed: C:\inetpub\wwwroot\ArcGISWebAppBuilder\client\stemapp\widgets\AddData\manifest.json
[2023-03-27T14:19:32.286] [INFO] repo - widget changed: C:\inetpub\wwwroot\ArcGISWebAppBuilder\client\stemapp\widgets\Analysis\manifest.json
[2023-03-27T14:19:32.321] [INFO] repo - widget changed: C:\inetpub\wwwroot\ArcGISWebAppBuilder\client\stemapp\widgets\AttributeTable\manifest.json
[2023-03-27T14:19:32.363] [INFO] repo - widget changed: C:\inetpub\wwwroot\ArcGISWebAppBuilder\client\stemapp\widgets\BasemapGallery\manifest.json
[2023-03-27T14:19:32.376] [INFO] repo - widget changed: C:\inetpub\wwwroot\ArcGISWebAppBuilder\client\stemapp\widgets\BatchAttributeEditor\manifest.json
[2023-03-27T14:19:32.424] [INFO] repo - widget changed: C:\inetpub\wwwroot\ArcGISWebAppBuilder\client\stemapp\widgets\Bookmark\manifest.json
[2023-03-27T14:19:32.460] [INFO] repo - widget changed: C:\inetpub\wwwroot\ArcGISWebAppBuilder\client\stemapp\widgets\BusinessAnalyst\manifest.json
[2023-03-27T14:19:32.476] [INFO] repo - widget changed: C:\inetpub\wwwroot\ArcGISWebAppBuilder\client\stemapp\widgets\Chart\manifest.json
[2023-03-27T14:19:32.522] [INFO] repo - widget changed: C:\inetpub\wwwroot\ArcGISWebAppBuilder\client\stemapp\widgets\Coordinate\manifest.json
[2023-03-27T14:19:32.538] [INFO] repo - widget changed: C:\inetpub\wwwroot\ArcGISWebAppBuilder\client\stemapp\widgets\CoordinateConversion\manifest.json
[2023-03-27T14:19:32.582] [INFO] repo - widget changed: C:\inetpub\wwwroot\ArcGISWebAppBuilder\client\stemapp\widgets\CostAnalysis\manifest.json
[2023-03-27T14:19:32.638] [INFO] repo - widget changed: C:\inetpub\wwwroot\ArcGISWebAppBuilder\client\stemapp\widgets\DataAggregation\manifest.json
[2023-03-27T14:19:32.660] [INFO] repo - widget changed: C:\inetpub\wwwroot\ArcGISWebAppBuilder\client\stemapp\widgets\Directions\manifest.json
[2023-03-27T14:19:32.677] [INFO] repo - widget changed: C:\inetpub\wwwroot\ArcGISWebAppBuilder\client\stemapp\widgets\DistanceAndDirection\manifest.json
[2023-03-27T14:19:32.689] [INFO] repo - widget changed: C:\inetpub\wwwroot\ArcGISWebAppBuilder\client\stemapp\widgets\DistrictLookup\manifest.json
[2023-03-27T14:19:32.739] [INFO] repo - widget changed: C:\inetpub\wwwroot\ArcGISWebAppBuilder\client\stemapp\widgets\Draw\manifest.json
[2023-03-27T14:19:32.768] [INFO] repo - widget changed: C:\inetpub\wwwroot\ArcGISWebAppBuilder\client\stemapp\widgets\Edit\manifest.json
[2023-03-27T14:19:32.794] [INFO] repo - widget changed: C:\inetpub\wwwroot\ArcGISWebAppBuilder\client\stemapp\widgets\EmergencyResponseGuide\manifest.json
[2023-03-27T14:19:32.896] [INFO] repo - widget changed: C:\inetpub\wwwroot\ArcGISWebAppBuilder\client\stemapp\widgets\ExtentNavigate\manifest.json
[2023-03-27T14:19:32.902] [INFO] repo - widget changed: C:\inetpub\wwwroot\ArcGISWebAppBuilder\client\stemapp\widgets\Filter\manifest.json
[2023-03-27T14:19:32.905] [INFO] repo - widget changed: C:\inetpub\wwwroot\ArcGISWebAppBuilder\client\stemapp\widgets\FullScreen\manifest.json
[2023-03-27T14:19:32.941] [INFO] repo - widget changed: C:\inetpub\wwwroot\ArcGISWebAppBuilder\client\stemapp\widgets\GeoLookup\manifest.json
[2023-03-27T14:19:33.005] [INFO] repo - widget changed: C:\inetpub\wwwroot\ArcGISWebAppBuilder\client\stemapp\widgets\Geoprocessing\manifest.json
[2023-03-27T14:19:33.017] [INFO] repo - widget changed: C:\inetpub\wwwroot\ArcGISWebAppBuilder\client\stemapp\widgets\GriddedReferenceGraphic\manifest.json
[2023-03-27T14:19:33.053] [INFO] repo - widget changed: C:\inetpub\wwwroot\ArcGISWebAppBuilder\client\stemapp\widgets\GridOverlay\manifest.json
[2023-03-27T14:19:33.106] [INFO] repo - widget changed: C:\inetpub\wwwroot\ArcGISWebAppBuilder\client\stemapp\widgets\GroupFilter\manifest.json
[2023-03-27T14:19:33.110] [INFO] repo - widget changed: C:\inetpub\wwwroot\ArcGISWebAppBuilder\client\stemapp\widgets\HomeButton\manifest.json
[2023-03-27T14:19:33.113] [INFO] repo - widget changed: C:\inetpub\wwwroot\ArcGISWebAppBuilder\client\stemapp\widgets\ImageMeasurement\manifest.json
[2023-03-27T14:19:33.153] [INFO] repo - widget changed: C:\inetpub\wwwroot\ArcGISWebAppBuilder\client\stemapp\widgets\IncidentAnalysis\manifest.json
[2023-03-27T14:19:33.206] [INFO] repo - widget changed: C:\inetpub\wwwroot\ArcGISWebAppBuilder\client\stemapp\widgets\Infographic\manifest.json
[2023-03-27T14:19:33.219] [INFO] repo - widget changed: C:\inetpub\wwwroot\ArcGISWebAppBuilder\client\stemapp\widgets\InfoSummary\manifest.json
[2023-03-27T14:19:33.252] [INFO] repo - widget changed: C:\inetpub\wwwroot\ArcGISWebAppBuilder\client\stemapp\widgets\LayerList\manifest.json
[2023-03-27T14:19:33.309] [INFO] repo - widget changed: C:\inetpub\wwwroot\ArcGISWebAppBuilder\client\stemapp\widgets\Legend\manifest.json
[2023-03-27T14:19:33.312] [INFO] repo - widget changed: C:\inetpub\wwwroot\ArcGISWebAppBuilder\client\stemapp\widgets\Measurement\manifest.json
[2023-03-27T14:19:33.321] [INFO] repo - widget changed: C:\inetpub\wwwroot\ArcGISWebAppBuilder\client\stemapp\widgets\MyLocation\manifest.json
[2023-03-27T14:19:33.411] [INFO] repo - widget changed: C:\inetpub\wwwroot\ArcGISWebAppBuilder\client\stemapp\widgets\NearMe\manifest.json
[2023-03-27T14:19:33.421] [INFO] repo - widget changed: C:\inetpub\wwwroot\ArcGISWebAppBuilder\client\stemapp\widgets\NetworkTrace\manifest.json
[2023-03-27T14:19:33.455] [INFO] repo - widget changed: C:\inetpub\wwwroot\ArcGISWebAppBuilder\client\stemapp\widgets\ObliqueViewer\manifest.json
[2023-03-27T14:19:33.511] [INFO] repo - widget changed: C:\inetpub\wwwroot\ArcGISWebAppBuilder\client\stemapp\widgets\OverviewMap\manifest.json
[2023-03-27T14:19:33.517] [INFO] repo - widget changed: C:\inetpub\wwwroot\ArcGISWebAppBuilder\client\stemapp\widgets\ParcelDrafter\manifest.json
[2023-03-27T14:19:33.554] [INFO] repo - widget changed: C:\inetpub\wwwroot\ArcGISWebAppBuilder\client\stemapp\widgets\Print\manifest.json
[2023-03-27T14:19:33.623] [INFO] repo - widget changed: C:\inetpub\wwwroot\ArcGISWebAppBuilder\client\stemapp\widgets\PublicNotification\manifest.json
[2023-03-27T14:19:33.625] [INFO] repo - widget changed: C:\inetpub\wwwroot\ArcGISWebAppBuilder\client\stemapp\widgets\Query\manifest.json
[2023-03-27T14:19:33.656] [INFO] repo - widget changed: C:\inetpub\wwwroot\ArcGISWebAppBuilder\client\stemapp\widgets\RelatedTableCharts\manifest.json
[2023-03-27T14:19:33.734] [INFO] repo - widget changed: C:\inetpub\wwwroot\ArcGISWebAppBuilder\client\stemapp\widgets\ReportFeature\manifest.json
[2023-03-27T14:19:33.736] [INFO] repo - widget changed: C:\inetpub\wwwroot\ArcGISWebAppBuilder\client\stemapp\widgets\ReviewerDashboard\manifest.json
[2023-03-27T14:19:33.841] [INFO] repo - widget changed: C:\inetpub\wwwroot\ArcGISWebAppBuilder\client\stemapp\widgets\Scalebar\manifest.json
[2023-03-27T14:19:33.842] [INFO] repo - widget changed: C:\inetpub\wwwroot\ArcGISWebAppBuilder\client\stemapp\widgets\Screening\manifest.json
[2023-03-27T14:19:33.851] [INFO] repo - widget changed: C:\inetpub\wwwroot\ArcGISWebAppBuilder\client\stemapp\widgets\Search\manifest.json
[2023-03-27T14:19:33.950] [INFO] repo - widget changed: C:\inetpub\wwwroot\ArcGISWebAppBuilder\client\stemapp\widgets\Share\manifest.json
[2023-03-27T14:19:33.952] [INFO] repo - widget changed: C:\inetpub\wwwroot\ArcGISWebAppBuilder\client\stemapp\widgets\Select\manifest.json
[2023-03-27T14:19:33.955] [INFO] repo - widget changed: C:\inetpub\wwwroot\ArcGISWebAppBuilder\client\stemapp\widgets\SituationAwareness\manifest.json
[2023-03-27T14:19:34.059] [INFO] repo - widget changed: C:\inetpub\wwwroot\ArcGISWebAppBuilder\client\stemapp\widgets\SmartEditor\manifest.json
[2023-03-27T14:19:34.060] [INFO] repo - widget changed: C:\inetpub\wwwroot\ArcGISWebAppBuilder\client\stemapp\widgets\Splash\manifest.json
[2023-03-27T14:19:34.062] [INFO] repo - widget changed: C:\inetpub\wwwroot\ArcGISWebAppBuilder\client\stemapp\widgets\Stream\manifest.json
[2023-03-27T14:19:34.135] [INFO] repo - widget changed: C:\inetpub\wwwroot\ArcGISWebAppBuilder\client\stemapp\widgets\SuitabilityModeler\manifest.json
[2023-03-27T14:19:34.168] [INFO] repo - widget changed: C:\inetpub\wwwroot\ArcGISWebAppBuilder\client\stemapp\widgets\Summary\manifest.json
[2023-03-27T14:19:34.170] [INFO] repo - widget changed: C:\inetpub\wwwroot\ArcGISWebAppBuilder\client\stemapp\widgets\Swipe\manifest.json
[2023-03-27T14:19:34.245] [INFO] repo - widget changed: C:\inetpub\wwwroot\ArcGISWebAppBuilder\client\stemapp\widgets\ThreatAnalysis\manifest.json
[2023-03-27T14:19:34.268] [INFO] repo - widget changed: C:\inetpub\wwwroot\ArcGISWebAppBuilder\client\stemapp\widgets\TimeSlider\manifest.json
[2023-03-27T14:19:34.273] [INFO] repo - widget changed: C:\inetpub\wwwroot\ArcGISWebAppBuilder\client\stemapp\widgets\Visibility\manifest.json
[2023-03-27T14:19:34.274] [INFO] repo - widget changed: C:\inetpub\wwwroot\ArcGISWebAppBuilder\client\stemapp\widgets\ZoomSlider\manifest.json
[2023-03-27T14:19:34.368] [INFO] repo - theme changed: C:\inetpub\wwwroot\ArcGISWebAppBuilder\client\stemapp3d\themes\BoxTheme\manifest.json
[2023-03-27T14:19:34.376] [INFO] repo - theme changed: C:\inetpub\wwwroot\ArcGISWebAppBuilder\client\stemapp3d\themes\BillboardTheme\manifest.json
[2023-03-27T14:19:34.482] [INFO] repo - theme changed: C:\inetpub\wwwroot\ArcGISWebAppBuilder\client\stemapp3d\themes\DartTheme\manifest.json
[2023-03-27T14:19:34.485] [INFO] repo - theme changed: C:\inetpub\wwwroot\ArcGISWebAppBuilder\client\stemapp3d\themes\DashboardTheme\manifest.json
[2023-03-27T14:19:34.573] [INFO] repo - theme changed: C:\inetpub\wwwroot\ArcGISWebAppBuilder\client\stemapp3d\themes\JewelryBoxTheme\manifest.json
[2023-03-27T14:19:34.581] [INFO] repo - theme changed: C:\inetpub\wwwroot\ArcGISWebAppBuilder\client\stemapp3d\themes\FoldableTheme\manifest.json
[2023-03-27T14:19:34.686] [INFO] repo - theme changed: C:\inetpub\wwwroot\ArcGISWebAppBuilder\client\stemapp3d\themes\TabTheme\manifest.json
[2023-03-27T14:19:34.689] [INFO] repo - theme changed: C:\inetpub\wwwroot\ArcGISWebAppBuilder\client\stemapp3d\themes\LaunchpadTheme\manifest.json
[2023-03-27T14:19:34.799] [INFO] repo - widget changed: C:\inetpub\wwwroot\ArcGISWebAppBuilder\client\stemapp3d\widgets\About\manifest.json
[2023-03-27T14:19:34.801] [INFO] repo - widget changed: C:\inetpub\wwwroot\ArcGISWebAppBuilder\client\stemapp3d\widgets\BasemapGallery\manifest.json
[2023-03-27T14:19:34.803] [INFO] repo - widget changed: C:\inetpub\wwwroot\ArcGISWebAppBuilder\client\stemapp3d\widgets\3DFx\manifest.json
[2023-03-27T14:19:34.905] [INFO] repo - widget changed: C:\inetpub\wwwroot\ArcGISWebAppBuilder\client\stemapp3d\widgets\Compass\manifest.json
[2023-03-27T14:19:34.907] [INFO] repo - widget changed: C:\inetpub\wwwroot\ArcGISWebAppBuilder\client\stemapp3d\widgets\Coordinate\manifest.json
[2023-03-27T14:19:34.909] [INFO] repo - widget changed: C:\inetpub\wwwroot\ArcGISWebAppBuilder\client\stemapp3d\widgets\Daylight\manifest.json
[2023-03-27T14:19:35.017] [INFO] repo - widget changed: C:\inetpub\wwwroot\ArcGISWebAppBuilder\client\stemapp3d\widgets\Navigate\manifest.json
[2023-03-27T14:19:35.019] [INFO] repo - widget changed: C:\inetpub\wwwroot\ArcGISWebAppBuilder\client\stemapp3d\widgets\Home\manifest.json
[2023-03-27T14:19:35.022] [INFO] repo - widget changed: C:\inetpub\wwwroot\ArcGISWebAppBuilder\client\stemapp3d\widgets\LayerList\manifest.json
[2023-03-27T14:19:35.024] [INFO] repo - widget changed: C:\inetpub\wwwroot\ArcGISWebAppBuilder\client\stemapp3d\widgets\FullScreen\manifest.json
[2023-03-27T14:19:35.027] [INFO] repo - widget changed: C:\inetpub\wwwroot\ArcGISWebAppBuilder\client\stemapp3d\widgets\Measurement3D\manifest.json
[2023-03-27T14:19:35.030] [INFO] repo - widget changed: C:\inetpub\wwwroot\ArcGISWebAppBuilder\client\stemapp3d\widgets\Legend\manifest.json
[2023-03-27T14:19:35.034] [INFO] repo - widget changed: C:\inetpub\wwwroot\ArcGISWebAppBuilder\client\stemapp3d\widgets\MyLocation\manifest.json
[2023-03-27T14:19:35.118] [INFO] repo - widget changed: C:\inetpub\wwwroot\ArcGISWebAppBuilder\client\stemapp3d\widgets\Splash\manifest.json
[2023-03-27T14:19:35.121] [INFO] repo - widget changed: C:\inetpub\wwwroot\ArcGISWebAppBuilder\client\stemapp3d\widgets\Search\manifest.json
[2023-03-27T14:19:35.134] [INFO] repo - widget changed: C:\inetpub\wwwroot\ArcGISWebAppBuilder\client\stemapp3d\widgets\Share\manifest.json
[2023-03-27T14:19:35.136] [INFO] repo - widget changed: C:\inetpub\wwwroot\ArcGISWebAppBuilder\client\stemapp3d\widgets\Slides\manifest.json
[2023-03-27T14:19:35.223] [INFO] repo - widget changed: C:\inetpub\wwwroot\ArcGISWebAppBuilder\client\stemapp3d\widgets\ZoomSlider\manifest.json
[2023-03-27T14:19:52.398] [INFO] repo - theme changed: C:\inetpub\wwwroot\ArcGISWebAppBuilder\client\stemapp\themes\DartTheme\manifest.json
[2023-03-27T14:19:52.419] [INFO] repo - theme changed: C:\inetpub\wwwroot\ArcGISWebAppBuilder\client\stemapp\themes\DashboardTheme\manifest.json
[2023-03-27T14:19:52.453] [INFO] repo - theme changed: C:\inetpub\wwwroot\ArcGISWebAppBuilder\client\stemapp\themes\BoxTheme\manifest.json
[2023-03-27T14:19:52.491] [INFO] repo - theme changed: C:\inetpub\wwwroot\ArcGISWebAppBuilder\client\stemapp\themes\BillboardTheme\manifest.json
[2023-03-27T14:19:53.201] [INFO] repo - theme changed: C:\inetpub\wwwroot\ArcGISWebAppBuilder\client\stemapp\themes\DemoTheme\manifest.json
[2023-03-27T14:19:53.423] [INFO] repo - theme changed: C:\inetpub\wwwroot\ArcGISWebAppBuilder\client\stemapp\themes\FoldableTheme\manifest.json
[2023-03-27T14:19:54.686] [INFO] repo - theme changed: C:\inetpub\wwwroot\ArcGISWebAppBuilder\client\stemapp\themes\TabTheme\manifest.json
[2023-03-27T14:19:54.751] [INFO] repo - theme changed: C:\inetpub\wwwroot\ArcGISWebAppBuilder\client\stemapp\themes\JewelryBoxTheme\manifest.json
[2023-03-27T14:19:54.797] [INFO] repo - theme changed: C:\inetpub\wwwroot\ArcGISWebAppBuilder\client\stemapp\themes\LaunchpadTheme\manifest.json
[2023-03-27T14:19:54.836] [INFO] repo - theme changed: C:\inetpub\wwwroot\ArcGISWebAppBuilder\client\stemapp\themes\PlateauTheme\manifest.json
[2023-03-27T14:19:54.924] [INFO] repo - theme changed: C:\inetpub\wwwroot\ArcGISWebAppBuilder\client\stemapp\themes\PocketTheme\manifest.json
[2023-03-27T14:19:56.234] [INFO] repo - widget changed: C:\inetpub\wwwroot\ArcGISWebAppBuilder\client\stemapp\widgets\About\manifest.json
[2023-03-27T14:19:56.331] [INFO] repo - widget changed: C:\inetpub\wwwroot\ArcGISWebAppBuilder\client\stemapp\widgets\AddData\manifest.json
[2023-03-27T14:19:56.455] [INFO] repo - widget changed: C:\inetpub\wwwroot\ArcGISWebAppBuilder\client\stemapp\widgets\Analysis\manifest.json
[2023-03-27T14:19:56.648] [INFO] repo - widget changed: C:\inetpub\wwwroot\ArcGISWebAppBuilder\client\stemapp\widgets\AttributeTable\manifest.json
[2023-03-27T14:19:56.687] [INFO] repo - widget changed: C:\inetpub\wwwroot\ArcGISWebAppBuilder\client\stemapp\widgets\BasemapGallery\manifest.json
[2023-03-27T14:19:56.714] [INFO] repo - widget changed: C:\inetpub\wwwroot\ArcGISWebAppBuilder\client\stemapp\widgets\BatchAttributeEditor\manifest.json
[2023-03-27T14:19:56.869] [INFO] repo - widget changed: C:\inetpub\wwwroot\ArcGISWebAppBuilder\client\stemapp\widgets\Bookmark\manifest.json
[2023-03-27T14:19:56.986] [INFO] repo - widget changed: C:\inetpub\wwwroot\ArcGISWebAppBuilder\client\stemapp\widgets\BusinessAnalyst\manifest.json
[2023-03-27T14:19:57.001] [INFO] repo - widget changed: C:\inetpub\wwwroot\ArcGISWebAppBuilder\client\stemapp\widgets\Chart\manifest.json
[2023-03-27T14:19:57.020] [INFO] repo - widget changed: C:\inetpub\wwwroot\ArcGISWebAppBuilder\client\stemapp\widgets\Coordinate\manifest.json
[2023-03-27T14:19:57.080] [INFO] repo - widget changed: C:\inetpub\wwwroot\ArcGISWebAppBuilder\client\stemapp\widgets\CoordinateConversion\manifest.json
[2023-03-27T14:19:57.153] [INFO] repo - widget changed: C:\inetpub\wwwroot\ArcGISWebAppBuilder\client\stemapp\widgets\CostAnalysis\manifest.json
[2023-03-27T14:19:57.169] [INFO] repo - widget changed: C:\inetpub\wwwroot\ArcGISWebAppBuilder\client\stemapp\widgets\DataAggregation\manifest.json
[2023-03-27T14:19:57.346] [INFO] repo - widget changed: C:\inetpub\wwwroot\ArcGISWebAppBuilder\client\stemapp\widgets\Directions\manifest.json
[2023-03-27T14:19:57.540] [INFO] repo - widget changed: C:\inetpub\wwwroot\ArcGISWebAppBuilder\client\stemapp\widgets\DistanceAndDirection\manifest.json
[2023-03-27T14:19:58.010] [INFO] repo - widget changed: C:\inetpub\wwwroot\ArcGISWebAppBuilder\client\stemapp\widgets\DistrictLookup\manifest.json
[2023-03-27T14:19:58.032] [INFO] repo - widget changed: C:\inetpub\wwwroot\ArcGISWebAppBuilder\client\stemapp\widgets\Draw\manifest.json
[2023-03-27T14:19:58.051] [INFO] repo - widget changed: C:\inetpub\wwwroot\ArcGISWebAppBuilder\client\stemapp\widgets\ExtentNavigate\manifest.json
[2023-03-27T14:19:58.200] [INFO] repo - widget changed: C:\inetpub\wwwroot\ArcGISWebAppBuilder\client\stemapp\widgets\Filter\manifest.json
[2023-03-27T14:19:58.299] [INFO] repo - widget changed: C:\inetpub\wwwroot\ArcGISWebAppBuilder\client\stemapp\widgets\FullScreen\manifest.json
[2023-03-27T14:19:58.319] [INFO] repo - widget changed: C:\inetpub\wwwroot\ArcGISWebAppBuilder\client\stemapp\widgets\GeoLookup\manifest.json
[2023-03-27T14:19:58.348] [INFO] repo - widget changed: C:\inetpub\wwwroot\ArcGISWebAppBuilder\client\stemapp\widgets\Geoprocessing\manifest.json
[2023-03-27T14:19:58.365] [INFO] repo - widget changed: C:\inetpub\wwwroot\ArcGISWebAppBuilder\client\stemapp\widgets\GriddedReferenceGraphic\manifest.json
[2023-03-27T14:19:58.372] [INFO] repo - widget changed: C:\inetpub\wwwroot\ArcGISWebAppBuilder\client\stemapp\widgets\GridOverlay\manifest.json
[2023-03-27T14:19:58.534] [INFO] repo - widget changed: C:\inetpub\wwwroot\ArcGISWebAppBuilder\client\stemapp\widgets\GroupFilter\manifest.json
[2023-03-27T14:19:58.583] [INFO] repo - widget changed: C:\inetpub\wwwroot\ArcGISWebAppBuilder\client\stemapp\widgets\InfoSummary\manifest.json
[2023-03-27T14:19:58.613] [INFO] repo - widget changed: C:\inetpub\wwwroot\ArcGISWebAppBuilder\client\stemapp\widgets\LayerList\manifest.json
[2023-03-27T14:19:58.666] [INFO] repo - widget changed: C:\inetpub\wwwroot\ArcGISWebAppBuilder\client\stemapp\widgets\Legend\manifest.json
[2023-03-27T14:19:58.762] [INFO] repo - widget changed: C:\inetpub\wwwroot\ArcGISWebAppBuilder\client\stemapp\widgets\Measurement\manifest.json
[2023-03-27T14:19:58.894] [INFO] repo - widget changed: C:\inetpub\wwwroot\ArcGISWebAppBuilder\client\stemapp\widgets\MyLocation\manifest.json
[2023-03-27T14:19:59.018] [INFO] repo - widget changed: C:\inetpub\wwwroot\ArcGISWebAppBuilder\client\stemapp\widgets\NearMe\manifest.json
[2023-03-27T14:19:59.171] [INFO] repo - widget changed: C:\inetpub\wwwroot\ArcGISWebAppBuilder\client\stemapp\widgets\NetworkTrace\manifest.json
[2023-03-27T14:19:59.346] [INFO] repo - widget changed: C:\inetpub\wwwroot\ArcGISWebAppBuilder\client\stemapp\widgets\ObliqueViewer\manifest.json
[2023-03-27T14:19:59.463] [INFO] repo - widget changed: C:\inetpub\wwwroot\ArcGISWebAppBuilder\client\stemapp\widgets\OverviewMap\manifest.json
[2023-03-27T14:19:59.583] [INFO] repo - widget changed: C:\inetpub\wwwroot\ArcGISWebAppBuilder\client\stemapp\widgets\ParcelDrafter\manifest.json
[2023-03-27T14:19:59.679] [INFO] repo - widget changed: C:\inetpub\wwwroot\ArcGISWebAppBuilder\client\stemapp\widgets\Print\manifest.json
[2023-03-27T14:19:59.723] [INFO] repo - widget changed: C:\inetpub\wwwroot\ArcGISWebAppBuilder\client\stemapp\widgets\PublicNotification\manifest.json
[2023-03-27T14:19:59.817] [INFO] repo - widget changed: C:\inetpub\wwwroot\ArcGISWebAppBuilder\client\stemapp\widgets\Query\manifest.json
[2023-03-27T14:19:59.880] [INFO] repo - widget changed: C:\inetpub\wwwroot\ArcGISWebAppBuilder\client\stemapp\widgets\RelatedTableCharts\manifest.json
[2023-03-27T14:20:00.052] [INFO] repo - widget changed: C:\inetpub\wwwroot\ArcGISWebAppBuilder\client\stemapp\widgets\ReportFeature\manifest.json
[2023-03-27T14:20:00.779] [INFO] repo - widget changed: C:\inetpub\wwwroot\ArcGISWebAppBuilder\client\stemapp\widgets\ReviewerDashboard\manifest.json
[2023-03-27T14:20:00.864] [INFO] repo - widget changed: C:\inetpub\wwwroot\ArcGISWebAppBuilder\client\stemapp\widgets\Scalebar\manifest.json
[2023-03-27T14:20:00.996] [INFO] repo - widget changed: C:\inetpub\wwwroot\ArcGISWebAppBuilder\client\stemapp\widgets\Screening\manifest.json
[2023-03-27T14:20:01.171] [INFO] repo - widget changed: C:\inetpub\wwwroot\ArcGISWebAppBuilder\client\stemapp\widgets\Search\manifest.json
[2023-03-27T14:20:01.433] [INFO] repo - widget changed: C:\inetpub\wwwroot\ArcGISWebAppBuilder\client\stemapp\widgets\Select\manifest.json
[2023-03-27T14:20:01.447] [INFO] repo - widget changed: C:\inetpub\wwwroot\ArcGISWebAppBuilder\client\stemapp\widgets\HomeButton\manifest.json
[2023-03-27T14:20:01.465] [INFO] repo - widget changed: C:\inetpub\wwwroot\ArcGISWebAppBuilder\client\stemapp\widgets\ImageMeasurement\manifest.json
[2023-03-27T14:20:01.480] [INFO] repo - widget changed: C:\inetpub\wwwroot\ArcGISWebAppBuilder\client\stemapp\widgets\IncidentAnalysis\manifest.json
[2023-03-27T14:20:01.576] [INFO] repo - widget changed: C:\inetpub\wwwroot\ArcGISWebAppBuilder\client\stemapp\widgets\Infographic\manifest.json
[2023-03-27T14:20:01.648] [INFO] repo - widget changed: C:\inetpub\wwwroot\ArcGISWebAppBuilder\client\stemapp\widgets\Edit\manifest.json
[2023-03-27T14:20:01.745] [INFO] repo - widget changed: C:\inetpub\wwwroot\ArcGISWebAppBuilder\client\stemapp\widgets\EmergencyResponseGuide\manifest.json
[2023-03-27T14:20:02.445] [INFO] repo - widget changed: C:\inetpub\wwwroot\ArcGISWebAppBuilder\client\stemapp\widgets\Share\manifest.json
[2023-03-27T14:20:02.503] [INFO] repo - widget changed: C:\inetpub\wwwroot\ArcGISWebAppBuilder\client\stemapp\widgets\SituationAwareness\manifest.json
[2023-03-27T14:20:02.663] [INFO] repo - widget changed: C:\inetpub\wwwroot\ArcGISWebAppBuilder\client\stemapp\widgets\SmartEditor\manifest.json
[2023-03-27T14:20:04.518] [INFO] repo - widget changed: C:\inetpub\wwwroot\ArcGISWebAppBuilder\client\stemapp\widgets\ThreatAnalysis\manifest.json
[2023-03-27T14:20:04.526] [INFO] repo - widget changed: C:\inetpub\wwwroot\ArcGISWebAppBuilder\client\stemapp\widgets\Stream\manifest.json
[2023-03-27T14:20:04.537] [INFO] repo - widget changed: C:\inetpub\wwwroot\ArcGISWebAppBuilder\client\stemapp\widgets\Splash\manifest.json
[2023-03-27T14:20:04.548] [INFO] repo - widget changed: C:\inetpub\wwwroot\ArcGISWebAppBuilder\client\stemapp\widgets\SuitabilityModeler\manifest.json
[2023-03-27T14:20:04.558] [INFO] repo - widget changed: C:\inetpub\wwwroot\ArcGISWebAppBuilder\client\stemapp\widgets\Summary\manifest.json
[2023-03-27T14:20:04.568] [INFO] repo - widget changed: C:\inetpub\wwwroot\ArcGISWebAppBuilder\client\stemapp\widgets\Swipe\manifest.json
[2023-03-27T14:20:04.898] [INFO] repo - widget changed: C:\inetpub\wwwroot\ArcGISWebAppBuilder\client\stemapp\widgets\TimeSlider\manifest.json
[2023-03-27T14:20:05.017] [INFO] repo - widget changed: C:\inetpub\wwwroot\ArcGISWebAppBuilder\client\stemapp\widgets\Visibility\manifest.json
[2023-03-27T14:20:05.112] [INFO] repo - widget changed: C:\inetpub\wwwroot\ArcGISWebAppBuilder\client\stemapp\widgets\ZoomSlider\manifest.json
[2023-03-27T14:20:06.538] [INFO] repo - theme changed: C:\inetpub\wwwroot\ArcGISWebAppBuilder\client\stemapp3d\themes\BoxTheme\manifest.json
[2023-03-27T14:20:06.584] [INFO] repo - theme changed: C:\inetpub\wwwroot\ArcGISWebAppBuilder\client\stemapp3d\themes\BillboardTheme\manifest.json
[2023-03-27T14:20:06.611] [INFO] repo - theme changed: C:\inetpub\wwwroot\ArcGISWebAppBuilder\client\stemapp3d\themes\DartTheme\manifest.json
[2023-03-27T14:20:06.664] [INFO] repo - theme changed: C:\inetpub\wwwroot\ArcGISWebAppBuilder\client\stemapp3d\themes\DashboardTheme\manifest.json
[2023-03-27T14:20:06.691] [INFO] repo - theme changed: C:\inetpub\wwwroot\ArcGISWebAppBuilder\client\stemapp3d\themes\FoldableTheme\manifest.json
[2023-03-27T14:20:06.740] [INFO] repo - theme changed: C:\inetpub\wwwroot\ArcGISWebAppBuilder\client\stemapp3d\themes\LaunchpadTheme\manifest.json
[2023-03-27T14:20:06.745] [INFO] repo - theme changed: C:\inetpub\wwwroot\ArcGISWebAppBuilder\client\stemapp3d\themes\TabTheme\manifest.json
[2023-03-27T14:20:06.757] [INFO] repo - widget changed: C:\inetpub\wwwroot\ArcGISWebAppBuilder\client\stemapp3d\widgets\3DFx\manifest.json
[2023-03-27T14:20:06.760] [INFO] repo - widget changed: C:\inetpub\wwwroot\ArcGISWebAppBuilder\client\stemapp3d\widgets\About\manifest.json
[2023-03-27T14:20:06.764] [INFO] repo - widget changed: C:\inetpub\wwwroot\ArcGISWebAppBuilder\client\stemapp3d\widgets\Coordinate\manifest.json
[2023-03-27T14:20:06.768] [INFO] repo - widget changed: C:\inetpub\wwwroot\ArcGISWebAppBuilder\client\stemapp3d\widgets\BasemapGallery\manifest.json
[2023-03-27T14:20:06.770] [INFO] repo - widget changed: C:\inetpub\wwwroot\ArcGISWebAppBuilder\client\stemapp3d\widgets\Compass\manifest.json
[2023-03-27T14:20:06.783] [INFO] repo - widget changed: C:\inetpub\wwwroot\ArcGISWebAppBuilder\client\stemapp3d\widgets\Daylight\manifest.json
[2023-03-27T14:20:06.793] [INFO] repo - widget changed: C:\inetpub\wwwroot\ArcGISWebAppBuilder\client\stemapp3d\widgets\Home\manifest.json
[2023-03-27T14:20:06.795] [INFO] repo - widget changed: C:\inetpub\wwwroot\ArcGISWebAppBuilder\client\stemapp3d\widgets\FullScreen\manifest.json
[2023-03-27T14:20:06.798] [INFO] repo - widget changed: C:\inetpub\wwwroot\ArcGISWebAppBuilder\client\stemapp3d\widgets\LayerList\manifest.json
[2023-03-27T14:20:06.800] [INFO] repo - widget changed: C:\inetpub\wwwroot\ArcGISWebAppBuilder\client\stemapp3d\widgets\Legend\manifest.json
[2023-03-27T14:20:06.804] [INFO] repo - widget changed: C:\inetpub\wwwroot\ArcGISWebAppBuilder\client\stemapp3d\widgets\Measurement3D\manifest.json
[2023-03-27T14:20:06.809] [INFO] repo - widget changed: C:\inetpub\wwwroot\ArcGISWebAppBuilder\client\stemapp3d\widgets\MyLocation\manifest.json
[2023-03-27T14:20:06.814] [INFO] repo - widget changed: C:\inetpub\wwwroot\ArcGISWebAppBuilder\client\stemapp3d\widgets\Navigate\manifest.json
[2023-03-27T14:20:06.827] [INFO] repo - theme changed: C:\inetpub\wwwroot\ArcGISWebAppBuilder\client\stemapp3d\themes\JewelryBoxTheme\manifest.json
[2023-03-27T14:20:06.844] [INFO] repo - widget changed: C:\inetpub\wwwroot\ArcGISWebAppBuilder\client\stemapp3d\widgets\Search\manifest.json
[2023-03-27T14:20:06.848] [INFO] repo - widget changed: C:\inetpub\wwwroot\ArcGISWebAppBuilder\client\stemapp3d\widgets\Slides\manifest.json
[2023-03-27T14:20:06.871] [INFO] repo - widget changed: C:\inetpub\wwwroot\ArcGISWebAppBuilder\client\stemapp3d\widgets\Splash\manifest.json
[2023-03-27T14:20:06.893] [INFO] repo - widget changed: C:\inetpub\wwwroot\ArcGISWebAppBuilder\client\stemapp3d\widgets\Share\manifest.json
[2023-03-27T14:20:06.906] [INFO] repo - widget changed: C:\inetpub\wwwroot\ArcGISWebAppBuilder\client\stemapp3d\widgets\ZoomSlider\manifest.json
[2023-03-27T16:39:44.674] [INFO] repo - Read repository items: C:\inetpub\wwwroot\ArcGISWebAppBuilder\client\stemapp\widgets
[2023-03-27T16:39:52.062] [INFO] repo - Read repository items: C:\inetpub\wwwroot\ArcGISWebAppBuilder\client\stemapp\themes
[2023-03-27T16:39:52.847] [INFO] repo - delete HTML.DemoTheme
[2023-03-27T16:39:52.857] [INFO] repo - Read repository items: C:\inetpub\wwwroot\ArcGISWebAppBuilder\client\stemapp3d\widgets
[2023-03-27T16:39:55.572] [INFO] repo - Read repository items: C:\inetpub\wwwroot\ArcGISWebAppBuilder\client\stemapp3d\themes
